<?xml version="1.0" encoding="UTF-8"?>
<testng-results skipped="0" failed="0" ignored="0" total="2" passed="2">
  <reporter-output>
    <line>
      <![CDATA[<div style="display:block;margin-left:10px;"><div  class="teststeppass"><span class="teststeppass-label">T </span>Given get '/'</div><div  class="teststeppass"><span class="teststeppass-label">T </span>When search for 'qaf github infostretch'</div><div style="display:block;margin-left:10px;"><div  class="teststeppass"><span class="teststeppass-label">T </span>click on 'button.search'</div></div><div  class="teststeppass"><span class="teststeppass-label">T </span>Then verify link with partial text 'qaf' is present</div><div style="display:block;margin-left:10px;"><div  class="pass"><span class="pass-label">P </span>Expected By.partialLinkText: qaf present : Actual By.partialLinkText: qaf present <a href="img/SampleTest_1f04su096zec831358.png" target="_blank">[View Screenshot]</a> </div></div></div>]]>
    </line>
    <line>
      <![CDATA[<div style="display:block;margin-left:10px;"><div  class="teststeppass"><span class="teststeppass-label">T </span>get '/'</div><div  class="teststeppass"><span class="teststeppass-label">T </span>sendKeys 'qaf github infostretch' into 'input.search'</div><div  class="teststeppass"><span class="teststeppass-label">T </span>click on 'button.search'</div><div  class="teststeppass"><span class="teststeppass-label">T </span>verify link with partial text 'qaf' is present</div><div style="display:block;margin-left:10px;"><div  class="pass"><span class="pass-label">P </span>Expected By.partialLinkText: qaf present : Actual By.partialLinkText: qaf present <a href="img/testGoogleSearch_ixvirbn7zm5o31359.png" target="_blank">[View Screenshot]</a> </div></div></div>]]>
    </line>
  </reporter-output>
  <suite name="QAF Demo" duration-ms="27311" started-at="2018-10-02T06:06:20Z" finished-at="2018-10-02T06:06:47Z">
    <groups>
      <group name="SMOKE">
        <method signature="scenarios.suite1.bdd.SampleTest()[pri:1000, instance:com.qmetry.qaf.automation.step.client.Scenario@3e8]" name="SampleTest" class="com.qmetry.qaf.automation.step.client.Scenario"/>
      </group> <!-- SMOKE -->
    </groups>
    <test name="BDD Test" duration-ms="14835" started-at="2018-10-02T06:06:20Z" finished-at="2018-10-02T06:06:35Z">
      <class name="com.qmetry.qaf.automation.step.client.Scenario">
        <test-method status="PASS" signature="setupTest(org.testng.ITestContext)[pri:0, instance:com.qmetry.qaf.automation.step.client.Scenario@3e8]" test-instance-name="SampleTest" name="setupTest" is-config="true" duration-ms="3" started-at="2018-10-02T14:06:20Z" finished-at="2018-10-02T14:06:20Z">
          <params>
            <param index="0">
              <value>
                <![CDATA[org.testng.TestRunner@c5cc4c]]>
              </value>
            </param>
          </params>
          <reporter-output>
          </reporter-output>
        </test-method> <!-- setupTest -->
        <test-method status="PASS" signature="setup(org.testng.ITestContext)[pri:0, instance:com.qmetry.qaf.automation.step.client.Scenario@3e8]" test-instance-name="SampleTest" name="setup" is-config="true" duration-ms="2" started-at="2018-10-02T14:06:20Z" finished-at="2018-10-02T14:06:20Z">
          <params>
            <param index="0">
              <value>
                <![CDATA[org.testng.TestRunner@c5cc4c]]>
              </value>
            </param>
          </params>
          <reporter-output>
          </reporter-output>
        </test-method> <!-- setup -->
        <test-method status="PASS" signature="setupMethod(java.lang.reflect.Method, org.testng.ITestContext)[pri:0, instance:com.qmetry.qaf.automation.step.client.Scenario@3e8]" test-instance-name="SampleTest" name="setupMethod" is-config="true" duration-ms="1" started-at="2018-10-02T14:06:20Z" finished-at="2018-10-02T14:06:20Z">
          <params>
            <param index="0">
              <value>
                <![CDATA[public void com.qmetry.qaf.automation.step.client.Scenario.scenario()]]>
              </value>
            </param>
            <param index="1">
              <value>
                <![CDATA[org.testng.TestRunner@c5cc4c]]>
              </value>
            </param>
          </params>
          <reporter-output>
          </reporter-output>
        </test-method> <!-- setupMethod -->
        <test-method status="PASS" signature="SampleTest()[pri:1000, instance:com.qmetry.qaf.automation.step.client.Scenario@3e8]" test-instance-name="SampleTest" name="SampleTest" duration-ms="14355" started-at="2018-10-02T14:06:20Z" description="Sample Test Scenario" finished-at="2018-10-02T14:06:34Z">
          <reporter-output>
            <line>
              <![CDATA[<div style="display:block;margin-left:10px;"><div  class="teststeppass"><span class="teststeppass-label">T </span>Given get '/'</div><div  class="teststeppass"><span class="teststeppass-label">T </span>When search for 'qaf github infostretch'</div><div style="display:block;margin-left:10px;"><div  class="teststeppass"><span class="teststeppass-label">T </span>click on 'button.search'</div></div><div  class="teststeppass"><span class="teststeppass-label">T </span>Then verify link with partial text 'qaf' is present</div><div style="display:block;margin-left:10px;"><div  class="pass"><span class="pass-label">P </span>Expected By.partialLinkText: qaf present : Actual By.partialLinkText: qaf present <a href="img/SampleTest_1f04su096zec831358.png" target="_blank">[View Screenshot]</a> </div></div></div>]]>
            </line>
          </reporter-output>
        </test-method> <!-- SampleTest -->
        <test-method status="PASS" signature="afterMethod(org.testng.ITestContext, org.testng.ITestResult)[pri:0, instance:com.qmetry.qaf.automation.step.client.Scenario@3e8]" test-instance-name="SampleTest" name="afterMethod" is-config="true" duration-ms="1" started-at="2018-10-02T14:06:35Z" finished-at="2018-10-02T14:06:35Z">
          <params>
            <param index="0">
              <value>
                <![CDATA[org.testng.TestRunner@c5cc4c]]>
              </value>
            </param>
            <param index="1">
              <value>
                <![CDATA[[TestResult name=SampleTest status=SUCCESS method=scenarios.suite1.bdd.SampleTest()[pri:1000, instance:com.qmetry.qaf.automation.step.client.Scenario@3e8] output=<div style="display:block;margin-left:10px;"><div  class="teststeppass"><span class="teststeppass-label">T </span>Given get '/'</div><div  class="teststeppass"><span class="teststeppass-label">T </span>When search for 'qaf github infostretch'</div><div style="display:block;margin-left:10px;"><div  class="teststeppass"><span class="teststeppass-label">T </span>click on 'button.search'</div></div><div  class="teststeppass"><span class="teststeppass-label">T </span>Then verify link with partial text 'qaf' is present</div><div style="display:block;margin-left:10px;"><div  class="pass"><span class="pass-label">P </span>Expected By.partialLinkText: qaf present : Actual By.partialLinkText: qaf present <a href="img/SampleTest_1f04su096zec831358.png" target="_blank">[View Screenshot]</a> </div></div></div>]]]>
              </value>
            </param>
          </params>
          <reporter-output>
          </reporter-output>
        </test-method> <!-- afterMethod -->
        <test-method status="PASS" signature="afterClass(org.testng.ITestContext)[pri:0, instance:com.qmetry.qaf.automation.step.client.Scenario@3e8]" test-instance-name="SampleTest" name="afterClass" is-config="true" duration-ms="1" started-at="2018-10-02T14:06:35Z" finished-at="2018-10-02T14:06:35Z">
          <params>
            <param index="0">
              <value>
                <![CDATA[org.testng.TestRunner@c5cc4c]]>
              </value>
            </param>
          </params>
          <reporter-output>
          </reporter-output>
        </test-method> <!-- afterClass -->
        <test-method status="PASS" signature="afterTest(org.testng.ITestContext)[pri:0, instance:com.qmetry.qaf.automation.step.client.Scenario@3e8]" test-instance-name="SampleTest" name="afterTest" is-config="true" duration-ms="353" started-at="2018-10-02T14:06:35Z" finished-at="2018-10-02T14:06:35Z">
          <params>
            <param index="0">
              <value>
                <![CDATA[org.testng.TestRunner@c5cc4c]]>
              </value>
            </param>
          </params>
          <reporter-output>
          </reporter-output>
        </test-method> <!-- afterTest -->
      </class> <!-- com.qmetry.qaf.automation.step.client.Scenario -->
    </test> <!-- BDD Test -->
    <test name="JAVA Test" duration-ms="12350" started-at="2018-10-02T06:06:35Z" finished-at="2018-10-02T06:06:47Z">
      <class name="qaf.example.tests.SampleTest">
        <test-method status="PASS" signature="setupSuit(org.testng.ITestContext)[pri:0, instance:qaf.example.tests.SampleTest@1bc39f8]" name="setupSuit" is-config="true" duration-ms="37" started-at="2018-10-02T14:06:20Z" finished-at="2018-10-02T14:06:20Z">
          <params>
            <param index="0">
              <value>
                <![CDATA[org.testng.TestRunner@1e767f3]]>
              </value>
            </param>
          </params>
          <reporter-output>
          </reporter-output>
        </test-method> <!-- setupSuit -->
        <test-method status="PASS" signature="setupTest(org.testng.ITestContext)[pri:0, instance:qaf.example.tests.SampleTest@1bc39f8]" name="setupTest" is-config="true" duration-ms="1" started-at="2018-10-02T14:06:35Z" finished-at="2018-10-02T14:06:35Z">
          <params>
            <param index="0">
              <value>
                <![CDATA[org.testng.TestRunner@1e767f3]]>
              </value>
            </param>
          </params>
          <reporter-output>
          </reporter-output>
        </test-method> <!-- setupTest -->
        <test-method status="PASS" signature="setup(org.testng.ITestContext)[pri:0, instance:qaf.example.tests.SampleTest@1bc39f8]" name="setup" is-config="true" duration-ms="1" started-at="2018-10-02T14:06:35Z" finished-at="2018-10-02T14:06:35Z">
          <params>
            <param index="0">
              <value>
                <![CDATA[org.testng.TestRunner@1e767f3]]>
              </value>
            </param>
          </params>
          <reporter-output>
          </reporter-output>
        </test-method> <!-- setup -->
        <test-method status="PASS" signature="setupMethod(java.lang.reflect.Method, org.testng.ITestContext)[pri:0, instance:qaf.example.tests.SampleTest@1bc39f8]" name="setupMethod" is-config="true" duration-ms="1" started-at="2018-10-02T14:06:35Z" finished-at="2018-10-02T14:06:35Z">
          <params>
            <param index="0">
              <value>
                <![CDATA[public void qaf.example.tests.SampleTest.testGoogleSearch()]]>
              </value>
            </param>
            <param index="1">
              <value>
                <![CDATA[org.testng.TestRunner@1e767f3]]>
              </value>
            </param>
          </params>
          <reporter-output>
          </reporter-output>
        </test-method> <!-- setupMethod -->
        <test-method status="PASS" signature="testGoogleSearch()[pri:0, instance:qaf.example.tests.SampleTest@1bc39f8]" name="testGoogleSearch" duration-ms="12123" started-at="2018-10-02T14:06:35Z" finished-at="2018-10-02T14:06:47Z">
          <reporter-output>
            <line>
              <![CDATA[<div style="display:block;margin-left:10px;"><div  class="teststeppass"><span class="teststeppass-label">T </span>get '/'</div><div  class="teststeppass"><span class="teststeppass-label">T </span>sendKeys 'qaf github infostretch' into 'input.search'</div><div  class="teststeppass"><span class="teststeppass-label">T </span>click on 'button.search'</div><div  class="teststeppass"><span class="teststeppass-label">T </span>verify link with partial text 'qaf' is present</div><div style="display:block;margin-left:10px;"><div  class="pass"><span class="pass-label">P </span>Expected By.partialLinkText: qaf present : Actual By.partialLinkText: qaf present <a href="img/testGoogleSearch_ixvirbn7zm5o31359.png" target="_blank">[View Screenshot]</a> </div></div></div>]]>
            </line>
          </reporter-output>
        </test-method> <!-- testGoogleSearch -->
        <test-method status="PASS" signature="afterMethod(org.testng.ITestContext, org.testng.ITestResult)[pri:0, instance:qaf.example.tests.SampleTest@1bc39f8]" name="afterMethod" is-config="true" duration-ms="1" started-at="2018-10-02T14:06:47Z" finished-at="2018-10-02T14:06:47Z">
          <params>
            <param index="0">
              <value>
                <![CDATA[org.testng.TestRunner@1e767f3]]>
              </value>
            </param>
            <param index="1">
              <value>
                <![CDATA[[TestResult name=testGoogleSearch status=SUCCESS method=SampleTest.testGoogleSearch()[pri:0, instance:qaf.example.tests.SampleTest@1bc39f8] output=<div style="display:block;margin-left:10px;"><div  class="teststeppass"><span class="teststeppass-label">T </span>get '/'</div><div  class="teststeppass"><span class="teststeppass-label">T </span>sendKeys 'qaf github infostretch' into 'input.search'</div><div  class="teststeppass"><span class="teststeppass-label">T </span>click on 'button.search'</div><div  class="teststeppass"><span class="teststeppass-label">T </span>verify link with partial text 'qaf' is present</div><div style="display:block;margin-left:10px;"><div  class="pass"><span class="pass-label">P </span>Expected By.partialLinkText: qaf present : Actual By.partialLinkText: qaf present <a href="img/testGoogleSearch_ixvirbn7zm5o31359.png" target="_blank">[View Screenshot]</a> </div></div></div>]]]>
              </value>
            </param>
          </params>
          <reporter-output>
          </reporter-output>
        </test-method> <!-- afterMethod -->
        <test-method status="PASS" signature="afterTest(org.testng.ITestContext)[pri:0, instance:qaf.example.tests.SampleTest@1bc39f8]" name="afterTest" is-config="true" duration-ms="175" started-at="2018-10-02T14:06:47Z" finished-at="2018-10-02T14:06:47Z">
          <params>
            <param index="0">
              <value>
                <![CDATA[org.testng.TestRunner@1e767f3]]>
              </value>
            </param>
          </params>
          <reporter-output>
          </reporter-output>
        </test-method> <!-- afterTest -->
        <test-method status="PASS" signature="afterClass(org.testng.ITestContext)[pri:0, instance:qaf.example.tests.SampleTest@1bc39f8]" name="afterClass" is-config="true" duration-ms="0" started-at="2018-10-02T14:06:47Z" finished-at="2018-10-02T14:06:47Z">
          <params>
            <param index="0">
              <value>
                <![CDATA[org.testng.TestRunner@1e767f3]]>
              </value>
            </param>
          </params>
          <reporter-output>
          </reporter-output>
        </test-method> <!-- afterClass -->
        <test-method status="PASS" signature="afterSuit(org.testng.ITestContext)[pri:0, instance:qaf.example.tests.SampleTest@1bc39f8]" name="afterSuit" is-config="true" duration-ms="3" started-at="2018-10-02T14:06:47Z" finished-at="2018-10-02T14:06:47Z">
          <params>
            <param index="0">
              <value>
                <![CDATA[org.testng.TestRunner@1e767f3]]>
              </value>
            </param>
          </params>
          <reporter-output>
          </reporter-output>
        </test-method> <!-- afterSuit -->
      </class> <!-- qaf.example.tests.SampleTest -->
    </test> <!-- JAVA Test -->
  </suite> <!-- QAF Demo -->
</testng-results>
